0 info it worked if it ends with ok
1 verbose cli [ '/usr/bin/nodejs', '/usr/bin/npm', 'run', 'build' ]
2 info using npm@1.4.21
3 info using node@v0.10.25
4 verbose run-script [ 'prebuild', 'build', 'postbuild' ]
5 info prebuild transformation-matrix-js@0.0.0
6 info build transformation-matrix-js@0.0.0
7 verbose unsafe-perm in lifecycle true
8 info transformation-matrix-js@0.0.0 Failed to exec build script
9 error transformation-matrix-js@0.0.0 build: `babel ./src/matrix.js -o matrix.min.js`
9 error Exit status 1
10 error Failed at the transformation-matrix-js@0.0.0 build script.
10 error This is most likely a problem with the transformation-matrix-js package,
10 error not with npm itself.
10 error Tell the author that this fails on your system:
10 error     babel ./src/matrix.js -o matrix.min.js
10 error You can get their info via:
10 error     npm owner ls transformation-matrix-js
10 error There is likely additional logging output above.
11 error System Linux 3.19.0-39-generic
12 error command "/usr/bin/nodejs" "/usr/bin/npm" "run" "build"
13 error cwd /home/paul_felice/Documents/personal/transformation-matrix-js
14 error node -v v0.10.25
15 error npm -v 1.4.21
16 error code ELIFECYCLE
17 verbose exit [ 1, true ]
